Using pre-set license
Built from '2020.3/staging' branch; Version is '2020.3.26f1 (7298b473bc1a) revision 7510196'; Using compiler version '192528614'; Build Type 'Release'
OS: 'Windows 11  (10.0.22621) 64bit Core' Language: 'en' Physical Memory: 16236 MB
BatchMode: 1, IsHumanControllingUs: 0, StartBugReporterOnCrash: 0, Is64bit: 1, IsPro: 0

COMMAND LINE ARGUMENTS:
C:\Program Files\Unity\Hub\Editor\2020.3.26f1\Editor\Unity.exe
-adb2
-batchMode
-noUpm
-name
AssetImportWorker1
-projectPath
C:/Users/Artiom/WaterShader
-logFile
Logs/AssetImportWorker1.log
-srvPort
63541
Successfully changed project path to: C:/Users/Artiom/WaterShader
C:/Users/Artiom/WaterShader
Using Asset Import Pipeline V2.
Refreshing native plugins compatible for Editor in 98.15 ms, found 2 plugins.
Preloading 0 native plugins for Editor in 0.00 ms.
Initialize engine version: 2020.3.26f1 (7298b473bc1a)
[Subsystems] Discovering subsystems at path C:/Program Files/Unity/Hub/Editor/2020.3.26f1/Editor/Data/Resources/UnitySubsystems
[Subsystems] Discovering subsystems at path C:/Users/Artiom/WaterShader/Assets
GfxDevice: creating device client; threaded=0
Direct3D:
    Version:  Direct3D 11.0 [level 11.1]
    Renderer: NVIDIA GeForce RTX 3060 Laptop GPU (ID=0x2560)
    Vendor:   
    VRAM:     6009 MB
    Driver:   31.0.15.3118
Initialize mono
Mono path[0] = 'C:/Program Files/Unity/Hub/Editor/2020.3.26f1/Editor/Data/Managed'
Mono path[1] = 'C:/Program Files/Unity/Hub/Editor/2020.3.26f1/Editor/Data/MonoBleedingEdge/lib/mono/unityjit'
Mono config path = 'C:/Program Files/Unity/Hub/Editor/2020.3.26f1/Editor/Data/MonoBleedingEdge/etc'
Using monoOptions --debugger-agent=transport=dt_socket,embedding=1,server=y,suspend=n,address=127.0.0.1:56320
Begin MonoManager ReloadAssembly
Registering precompiled unity dll's ...
Register platform support module: C:/Program Files/Unity/Hub/Editor/2020.3.26f1/Editor/Data/PlaybackEngines/WebGLSupport/UnityEditor.WebGL.Extensions.dll
Register platform support module: C:/Program Files/Unity/Hub/Editor/2020.3.26f1/Editor/Data/PlaybackEngines/WindowsStandaloneSupport/UnityEditor.WindowsStandalone.Extensions.dll
Registered in 0.002818 seconds.
Native extension for WindowsStandalone target not found
Native extension for WebGL target not found
Refreshing native plugins compatible for Editor in 71.84 ms, found 2 plugins.
Preloading 0 native plugins for Editor in 0.00 ms.
Mono: successfully reloaded assembly
- Completed reload, in  0.887 seconds
Domain Reload Profiling:
	ReloadAssembly (887ms)
		BeginReloadAssembly (83ms)
			ExecutionOrderSort (0ms)
			DisableScriptedObjects (0ms)
			BackupInstance (0ms)
			ReleaseScriptingObjects (0ms)
			CreateAndSetChildDomain (1ms)
		EndReloadAssembly (666ms)
			LoadAssemblies (81ms)
			RebuildTransferFunctionScriptingTraits (0ms)
			SetupTypeCache (208ms)
			ReleaseScriptCaches (0ms)
			RebuildScriptCaches (46ms)
			SetupLoadedEditorAssemblies (275ms)
				LogAssemblyErrors (0ms)
				InitializePlatformSupportModulesInManaged (8ms)
				SetLoadedEditorAssemblies (0ms)
				RefreshPlugins (72ms)
				BeforeProcessingInitializeOnLoad (21ms)
				ProcessInitializeOnLoadAttributes (136ms)
				ProcessInitializeOnLoadMethodAttributes (37ms)
				AfterProcessingInitializeOnLoad (0ms)
				EditorAssembliesLoaded (0ms)
			ExecutionOrderSort2 (0ms)
			AwakeInstancesAfterBackupRestoration (0ms)
Platform modules already initialized, skipping
Registering precompiled user dll's ...
Registered in 0.007405 seconds.
Begin MonoManager ReloadAssembly
Native extension for WindowsStandalone target not found
Native extension for WebGL target not found
Refreshing native plugins compatible for Editor in 77.14 ms, found 2 plugins.
Preloading 0 native plugins for Editor in 0.00 ms.
Mono: successfully reloaded assembly
- Completed reload, in  6.608 seconds
Domain Reload Profiling:
	ReloadAssembly (6616ms)
		BeginReloadAssembly (189ms)
			ExecutionOrderSort (0ms)
			DisableScriptedObjects (7ms)
			BackupInstance (0ms)
			ReleaseScriptingObjects (0ms)
			CreateAndSetChildDomain (30ms)
		EndReloadAssembly (6335ms)
			LoadAssemblies (3850ms)
			RebuildTransferFunctionScriptingTraits (0ms)
			SetupTypeCache (510ms)
			ReleaseScriptCaches (1ms)
			RebuildScriptCaches (70ms)
			SetupLoadedEditorAssemblies (1740ms)
				LogAssemblyErrors (0ms)
				InitializePlatformSupportModulesInManaged (6ms)
				SetLoadedEditorAssemblies (0ms)
				RefreshPlugins (77ms)
				BeforeProcessingInitializeOnLoad (135ms)
				ProcessInitializeOnLoadAttributes (308ms)
				ProcessInitializeOnLoadMethodAttributes (1205ms)
				AfterProcessingInitializeOnLoad (8ms)
				EditorAssembliesLoaded (1ms)
			ExecutionOrderSort2 (0ms)
			AwakeInstancesAfterBackupRestoration (12ms)
Platform modules already initialized, skipping
========================================================================
Worker process is ready to serve import requests
Launched and connected shader compiler UnityShaderCompiler.exe after 0.08 seconds
Refreshing native plugins compatible for Editor in 1.43 ms, found 2 plugins.
Preloading 0 native plugins for Editor in 0.00 ms.
Unloading 2810 Unused Serialized files (Serialized files now loaded: 0)
System memory in use before: 128.1 MB.
System memory in use after: 128.3 MB.

Unloading 20 unused Assets to reduce memory usage. Loaded Objects now: 3246.
Total: 9.874100 ms (FindLiveObjects: 0.577400 ms CreateObjectMapping: 0.181700 ms MarkObjects: 8.976500 ms  DeleteObjects: 0.136500 ms)

AssetImportParameters requested are different than current active one (requested -> active):
  custom:framework-win-MediaFoundation: 216162199b28c13a410421893ffa2e32 -> 
  custom:video-decoder-ogg-theora: a1e56fd34408186e4bbccfd4996cb3dc -> 
  custom:container-muxer-webm: aa71ff27fc2769a1b78a27578f13a17b -> 
  custom:container-demuxer-webm: 4f35f7cbe854078d1ac9338744f61a02 -> 
  custom:container-demuxer-ogg: 62fdf1f143b41e24485cea50d1cbac27 -> 
  custom:video-encoder-webm-vp8: eb34c28f22e8b96e1ab97ce403110664 -> 
  custom:video-codec-MediaFoundation-h265: e54d7ab0439102e2317fc1e4b246158d -> 
  custom:video-decoder-webm-vp8: 9c59270c3fd7afecdb556c50c9e8de78 -> 
  custom:audio-decoder-ogg-vorbis: bf7c407c2cedff20999df2af8eb42d56 -> 
  custom:audio-encoder-webm-vorbis: bf7c407c2cedff20999df2af8eb42d56 -> 
========================================================================
Received Import Request.
  path: Assets/Water/WaterMat.mat
  artifactKey: Guid(e4f326dfaf85cb84b80bf3614f086fa0) Importer(815301076,1909f56bfc062723c751e8b465ee728b)
Start importing Assets/Water/WaterMat.mat using Guid(e4f326dfaf85cb84b80bf3614f086fa0) Importer(815301076,1909f56bfc062723c751e8b465ee728b)  -> (artifact id: '74cfc269c8c409929104b8644e8a172f') in 0.415511 seconds 
  Import took 0.421881 seconds .

========================================================================
Received Import Request.
  Time since last request: 2647.854514 seconds.
  path: Assets/Water/New Shader Graph.shadergraph
  artifactKey: Guid(bb3081a0d0a896f44a42da3ef1c21e3a) Importer(815301076,1909f56bfc062723c751e8b465ee728b)
Start importing Assets/Water/New Shader Graph.shadergraph using Guid(bb3081a0d0a896f44a42da3ef1c21e3a) Importer(815301076,1909f56bfc062723c751e8b465ee728b)  -> (artifact id: 'b94ace43fcae2d3920740541daa3014b') in 0.045876 seconds 
  Import took 0.142002 seconds .

========================================================================
Received Import Request.
  Time since last request: 12.138146 seconds.
  path: Assets/Water/WaterMat.mat
  artifactKey: Guid(e4f326dfaf85cb84b80bf3614f086fa0) Importer(815301076,1909f56bfc062723c751e8b465ee728b)
Start importing Assets/Water/WaterMat.mat using Guid(e4f326dfaf85cb84b80bf3614f086fa0) Importer(815301076,1909f56bfc062723c751e8b465ee728b)  -> (artifact id: '6b5a4f4d193b767b27ff47f38c7aaec3') in 0.082980 seconds 
  Import took 0.090673 seconds .

========================================================================
Received Import Request.
  Time since last request: 4.115118 seconds.
  path: Assets/Water/WaterMat.mat
  artifactKey: Guid(e4f326dfaf85cb84b80bf3614f086fa0) Importer(815301076,1909f56bfc062723c751e8b465ee728b)
Start importing Assets/Water/WaterMat.mat using Guid(e4f326dfaf85cb84b80bf3614f086fa0) Importer(815301076,1909f56bfc062723c751e8b465ee728b)  -> (artifact id: 'f7b7f40986208f9fee42172b183db36e') in 0.023899 seconds 
  Import took 0.032095 seconds .

========================================================================
Received Import Request.
  Time since last request: 13.571855 seconds.
  path: Assets/Water/WaterMat.mat
  artifactKey: Guid(e4f326dfaf85cb84b80bf3614f086fa0) Importer(815301076,1909f56bfc062723c751e8b465ee728b)
Start importing Assets/Water/WaterMat.mat using Guid(e4f326dfaf85cb84b80bf3614f086fa0) Importer(815301076,1909f56bfc062723c751e8b465ee728b)  -> (artifact id: '1267d6360cf0824b6a72995b80fbf525') in 0.021165 seconds 
  Import took 0.027457 seconds .

========================================================================
Received Import Request.
  Time since last request: 7711.443509 seconds.
  path: Assets/Water/WaterMat.mat
  artifactKey: Guid(e4f326dfaf85cb84b80bf3614f086fa0) Importer(815301076,1909f56bfc062723c751e8b465ee728b)
Start importing Assets/Water/WaterMat.mat using Guid(e4f326dfaf85cb84b80bf3614f086fa0) Importer(815301076,1909f56bfc062723c751e8b465ee728b)  -> (artifact id: '5777be3caa97de047eb971ffad17ee51') in 0.110224 seconds 
  Import took 0.190782 seconds .

AssetImportWorkerClient::OnTransportError - code=2 error=End of file
